<?xml version="1.0" encoding="UTF-8"?>
<!-- Generated by org.testng.reporters.JUnitReportReporter -->
<testsuite hostname="Saran" failures="0" tests="1" name="sampleTest1.SampleTest1" time="48.818" errors="0" timestamp="11 Oct 2021 04:05:51 GMT" skipped="0">
  <testcase classname="sampleTest1.SampleTest1" name="loginTest" time="48.818"/>
</testsuite> <!-- sampleTest1.SampleTest1 -->
